<?xml version="1.0" encoding="UTF-8"?>
<testng-results ignored="0" total="3" passed="3" failed="0" skipped="0">
  <reporter-output>
  </reporter-output>
  <suite started-at="2022-07-12T23:33:56 IST" name="Default suite" finished-at="2022-07-12T23:33:59 IST" duration-ms="3268">
    <groups>
    </groups>
    <test started-at="2022-07-12T23:33:56 IST" name="Default test" finished-at="2022-07-12T23:33:59 IST" duration-ms="3268">
      <class name="basics.DDynamicJson">
        <test-method signature="addBook(java.lang.String,java.lang.String)[pri:0, instance:basics.DDynamicJson@6b8ca3c8]" started-at="2022-07-12T23:33:56 IST" name="addBook" data-provider="Books" finished-at="2022-07-12T23:33:59 IST" duration-ms="2830" status="PASS">
          <params>
            <param index="0">
              <value>
                <![CDATA[ojfgtha]]>
              </value>
            </param>
            <param index="1">
              <value>
                <![CDATA[87678]]>
              </value>
            </param>
          </params>
          <reporter-output>
          </reporter-output>
        </test-method> <!-- addBook -->
        <test-method signature="addBook(java.lang.String,java.lang.String)[pri:0, instance:basics.DDynamicJson@6b8ca3c8]" started-at="2022-07-12T23:33:59 IST" name="addBook" data-provider="Books" finished-at="2022-07-12T23:33:59 IST" duration-ms="189" status="PASS">
          <params>
            <param index="0">
              <value>
                <![CDATA[qssdbma]]>
              </value>
            </param>
            <param index="1">
              <value>
                <![CDATA[864889]]>
              </value>
            </param>
          </params>
          <reporter-output>
          </reporter-output>
        </test-method> <!-- addBook -->
        <test-method signature="addBook(java.lang.String,java.lang.String)[pri:0, instance:basics.DDynamicJson@6b8ca3c8]" started-at="2022-07-12T23:33:59 IST" name="addBook" data-provider="Books" finished-at="2022-07-12T23:33:59 IST" duration-ms="184" status="PASS">
          <params>
            <param index="0">
              <value>
                <![CDATA[nmzgakd]]>
              </value>
            </param>
            <param index="1">
              <value>
                <![CDATA[90568]]>
              </value>
            </param>
          </params>
          <reporter-output>
          </reporter-output>
        </test-method> <!-- addBook -->
      </class> <!-- basics.DDynamicJson -->
    </test> <!-- Default test -->
  </suite> <!-- Default suite -->
</testng-results>
