<?xml version="1.0" encoding="UTF-8"?>
<!-- Generated by org.testng.reporters.JUnitXMLReporter -->
<testsuite ignored="0" hostname="DESKTOP-5MGC367" failures="0" tests="3" name="Default test" time="3.268" errors="0" timestamp="2022-07-12T23:34:00 IST">
  <testcase classname="basics.DDynamicJson" name="addBook" time="2.83"/>
  <testcase classname="basics.DDynamicJson" name="addBook" time="0.189"/>
  <testcase classname="basics.DDynamicJson" name="addBook" time="0.184"/>
</testsuite> <!-- Default test -->
